<?xml version="1.0" encoding="UTF-8"?>
<testng-results ignored="0" total="3" passed="3" failed="0" skipped="0">
  <reporter-output>
  </reporter-output>
  <suite started-at="2025-07-22T20:54:10 IST" name="Default suite" finished-at="2025-07-22T20:54:10 IST" duration-ms="111">
    <groups>
    </groups>
    <test started-at="2025-07-22T20:54:10 IST" name="Default test" finished-at="2025-07-22T20:54:10 IST" duration-ms="111">
      <class name="com.bank.main.TestNG1">
        <test-method signature="a6()[pri:-10, instance:com.bank.main.TestNG1@327514f]" started-at="2025-07-22T20:54:10 IST" name="a6" finished-at="2025-07-22T20:54:10 IST" duration-ms="16" status="PASS">
          <reporter-output>
          </reporter-output>
        </test-method> <!-- a6 -->
        <test-method signature="a6()[pri:-10, instance:com.bank.main.TestNG1@327514f]" started-at="2025-07-22T20:54:10 IST" name="a6" finished-at="2025-07-22T20:54:10 IST" duration-ms="3" status="PASS">
          <reporter-output>
          </reporter-output>
        </test-method> <!-- a6 -->
        <test-method signature="a1()[pri:0, instance:com.bank.main.TestNG1@327514f]" started-at="2025-07-22T20:54:10 IST" name="a1" finished-at="2025-07-22T20:54:10 IST" duration-ms="3" status="PASS">
          <reporter-output>
          </reporter-output>
        </test-method> <!-- a1 -->
      </class> <!-- com.bank.main.TestNG1 -->
    </test> <!-- Default test -->
  </suite> <!-- Default suite -->
</testng-results>
