<?xml version="1.0" encoding="UTF-8"?>
<!-- Generated by org.testng.reporters.JUnitXMLReporter -->
<testsuite ignored="0" hostname="LAPTOP-SJGGA6RV" failures="0" tests="3" name="Default test" time="0.111" errors="0" timestamp="2025-07-22T20:54:10 IST">
  <testcase classname="com.bank.main.TestNG1" name="a6" time="0.016"/>
  <testcase classname="com.bank.main.TestNG1" name="a6" time="0.003"/>
  <testcase classname="com.bank.main.TestNG1" name="a1" time="0.003"/>
</testsuite> <!-- Default test -->
